[2022-02-11 01:39:16] flarum.ERROR: Intervention\Image\Exception\NotReadableException: Unable to init from given binary data. in /Users/konradmilewski/Projects/APW Projects/dbr_flarum/vendor/intervention/image/src/Intervention/Image/Gd/Decoder.php:131
Stack trace:
#0 /Users/konradmilewski/Projects/APW Projects/dbr_flarum/vendor/intervention/image/src/Intervention/Image/AbstractDecoder.php(125): Intervention\Image\Gd\Decoder->initFromBinary('<svg xmlns="htt...')
#1 /Users/konradmilewski/Projects/APW Projects/dbr_flarum/vendor/intervention/image/src/Intervention/Image/AbstractDecoder.php(338): Intervention\Image\AbstractDecoder->initFromStream(Object(Laminas\Diactoros\Stream))
#2 /Users/konradmilewski/Projects/APW Projects/dbr_flarum/vendor/intervention/image/src/Intervention/Image/AbstractDriver.php(66): Intervention\Image\AbstractDecoder->init(Object(Laminas\Diactoros\Stream))
#3 /Users/konradmilewski/Projects/APW Projects/dbr_flarum/vendor/intervention/image/src/Intervention/Image/ImageManager.php(54): Intervention\Image\AbstractDriver->init(Object(Laminas\Diactoros\Stream))
#4 /Users/konradmilewski/Projects/APW Projects/dbr_flarum/vendor/flarum/core/src/Api/Controller/UploadLogoController.php(41): Intervention\Image\ImageManager->make(Object(Laminas\Diactoros\Stream))
#5 /Users/konradmilewski/Projects/APW Projects/dbr_flarum/vendor/flarum/core/src/Api/Controller/UploadImageController.php(69): Flarum\Api\Controller\UploadLogoController->makeImage(Object(Laminas\Diactoros\UploadedFile))
#6 /Users/konradmilewski/Projects/APW Projects/dbr_flarum/vendor/flarum/core/src/Api/Controller/AbstractSerializeController.php(115): Flarum\Api\Controller\UploadImageController->data(Object(Laminas\Diactoros\ServerRequest), Object(Tobscure\JsonApi\Document))
#7 /Users/konradmilewski/Projects/APW Projects/dbr_flarum/vendor/flarum/core/src/Http/RouteHandlerFactory.php(41): Flarum\Api\Controller\AbstractSerializeController->handle(Object(Laminas\Diactoros\ServerRequest))
#8 /Users/konradmilewski/Projects/APW Projects/dbr_flarum/vendor/flarum/core/src/Http/Middleware/ExecuteRoute.php(27): Flarum\Http\RouteHandlerFactory->Flarum\Http\{closure}(Object(Laminas\Diactoros\ServerRequest), Array)
#9 /Users/konradmilewski/Projects/APW Projects/dbr_flarum/vendor/laminas/laminas-stratigility/src/Next.php(51): Flarum\Http\Middleware\ExecuteRoute->process(Object(Laminas\Diactoros\ServerRequest), Object(Closure))
#10 /Users/konradmilewski/Projects/APW Projects/dbr_flarum/vendor/flarum/core/src/Api/Middleware/ThrottleApi.php(33): Laminas\Stratigility\Next->handle(Object(Laminas\Diactoros\ServerRequest))
#11 /Users/konradmilewski/Projects/APW Projects/dbr_flarum/vendor/laminas/laminas-stratigility/src/Next.php(51): Flarum\Api\Middleware\ThrottleApi->process(Object(Laminas\Diactoros\ServerRequest), Object(Laminas\Stratigility\Next))
#12 /Users/konradmilewski/Projects/APW Projects/dbr_flarum/vendor/flarum/core/src/Http/Middleware/CheckCsrfToken.php(44): Laminas\Stratigility\Next->handle(Object(Laminas\Diactoros\ServerRequest))
#13 /Users/konradmilewski/Projects/APW Projects/dbr_flarum/vendor/laminas/laminas-stratigility/src/Next.php(51): Flarum\Http\Middleware\CheckCsrfToken->process(Object(Laminas\Diactoros\ServerRequest), Object(Laminas\Stratigility\Next))
#14 /Users/konradmilewski/Projects/APW Projects/dbr_flarum/vendor/flarum/core/src/Http/Middleware/ResolveRoute.php(67): Laminas\Stratigility\Next->handle(Object(Laminas\Diactoros\ServerRequest))
#15 /Users/konradmilewski/Projects/APW Projects/dbr_flarum/vendor/laminas/laminas-stratigility/src/Next.php(51): Flarum\Http\Middleware\ResolveRoute->process(Object(Laminas\Diactoros\ServerRequest), Object(Laminas\Stratigility\Next))
#16 /Users/konradmilewski/Projects/APW Projects/dbr_flarum/vendor/flarum/core/src/Http/Middleware/SetLocale.php(51): Laminas\Stratigility\Next->handle(Object(Laminas\Diactoros\ServerRequest))
#17 /Users/konradmilewski/Projects/APW Projects/dbr_flarum/vendor/laminas/laminas-stratigility/src/Next.php(51): Flarum\Http\Middleware\SetLocale->process(Object(Laminas\Diactoros\ServerRequest), Object(Laminas\Stratigility\Next))
#18 /Users/konradmilewski/Projects/APW Projects/dbr_flarum/vendor/flarum/core/src/Http/Middleware/AuthenticateWithHeader.php(58): Laminas\Stratigility\Next->handle(Object(Laminas\Diactoros\ServerRequest))
#19 /Users/konradmilewski/Projects/APW Projects/dbr_flarum/vendor/laminas/laminas-stratigility/src/Next.php(51): Flarum\Http\Middleware\AuthenticateWithHeader->process(Object(Laminas\Diactoros\ServerRequest), Object(Laminas\Stratigility\Next))
#20 /Users/konradmilewski/Projects/APW Projects/dbr_flarum/vendor/flarum/core/src/Http/Middleware/AuthenticateWithSession.php(31): Laminas\Stratigility\Next->handle(Object(Laminas\Diactoros\ServerRequest))
#21 /Users/konradmilewski/Projects/APW Projects/dbr_flarum/vendor/laminas/laminas-stratigility/src/Next.php(51): Flarum\Http\Middleware\AuthenticateWithSession->process(Object(Laminas\Diactoros\ServerRequest), Object(Laminas\Stratigility\Next))
#22 /Users/konradmilewski/Projects/APW Projects/dbr_flarum/vendor/flarum/core/src/Http/Middleware/RememberFromCookie.php(52): Laminas\Stratigility\Next->handle(Object(Laminas\Diactoros\ServerRequest))
#23 /Users/konradmilewski/Projects/APW Projects/dbr_flarum/vendor/laminas/laminas-stratigility/src/Next.php(51): Flarum\Http\Middleware\RememberFromCookie->process(Object(Laminas\Diactoros\ServerRequest), Object(Laminas\Stratigility\Next))
#24 /Users/konradmilewski/Projects/APW Projects/dbr_flarum/vendor/flarum/core/src/Http/Middleware/StartSession.php(61): Laminas\Stratigility\Next->handle(Object(Laminas\Diactoros\ServerRequest))
#25 /Users/konradmilewski/Projects/APW Projects/dbr_flarum/vendor/laminas/laminas-stratigility/src/Next.php(51): Flarum\Http\Middleware\StartSession->process(Object(Laminas\Diactoros\ServerRequest), Object(Laminas\Stratigility\Next))
#26 /Users/konradmilewski/Projects/APW Projects/dbr_flarum/vendor/flarum/core/src/Api/Middleware/FakeHttpMethods.php(29): Laminas\Stratigility\Next->handle(Object(Laminas\Diactoros\ServerRequest))
#27 /Users/konradmilewski/Projects/APW Projects/dbr_flarum/vendor/laminas/laminas-stratigility/src/Next.php(51): Flarum\Api\Middleware\FakeHttpMethods->process(Object(Laminas\Diactoros\ServerRequest), Object(Laminas\Stratigility\Next))
#28 /Users/konradmilewski/Projects/APW Projects/dbr_flarum/vendor/flarum/core/src/Http/Middleware/ParseJsonBody.php(28): Laminas\Stratigility\Next->handle(Object(Laminas\Diactoros\ServerRequest))
#29 /Users/konradmilewski/Projects/APW Projects/dbr_flarum/vendor/laminas/laminas-stratigility/src/Next.php(51): Flarum\Http\Middleware\ParseJsonBody->process(Object(Laminas\Diactoros\ServerRequest), Object(Laminas\Stratigility\Next))
#30 /Users/konradmilewski/Projects/APW Projects/dbr_flarum/vendor/flarum/core/src/Http/Middleware/HandleErrors.php(57): Laminas\Stratigility\Next->handle(Object(Laminas\Diactoros\ServerRequest))
#31 /Users/konradmilewski/Projects/APW Projects/dbr_flarum/vendor/laminas/laminas-stratigility/src/Next.php(51): Flarum\Http\Middleware\HandleErrors->process(Object(Laminas\Diactoros\ServerRequest), Object(Laminas\Stratigility\Next))
#32 /Users/konradmilewski/Projects/APW Projects/dbr_flarum/vendor/flarum/core/src/Http/Middleware/InjectActorReference.php(25): Laminas\Stratigility\Next->handle(Object(Laminas\Diactoros\ServerRequest))
#33 /Users/konradmilewski/Projects/APW Projects/dbr_flarum/vendor/laminas/laminas-stratigility/src/Next.php(51): Flarum\Http\Middleware\InjectActorReference->process(Object(Laminas\Diactoros\ServerRequest), Object(Laminas\Stratigility\Next))
#34 /Users/konradmilewski/Projects/APW Projects/dbr_flarum/vendor/laminas/laminas-stratigility/src/MiddlewarePipe.php(76): Laminas\Stratigility\Next->handle(Object(Laminas\Diactoros\ServerRequest))
#35 /Users/konradmilewski/Projects/APW Projects/dbr_flarum/vendor/middlewares/request-handler/src/RequestHandler.php(84): Laminas\Stratigility\MiddlewarePipe->process(Object(Laminas\Diactoros\ServerRequest), Object(Laminas\Stratigility\Next))
#36 /Users/konradmilewski/Projects/APW Projects/dbr_flarum/vendor/laminas/laminas-stratigility/src/Next.php(51): Middlewares\RequestHandler->process(Object(Laminas\Diactoros\ServerRequest), Object(Laminas\Stratigility\Next))
#37 /Users/konradmilewski/Projects/APW Projects/dbr_flarum/vendor/middlewares/base-path-router/src/BasePathRouter.php(101): Laminas\Stratigility\Next->handle(Object(Laminas\Diactoros\ServerRequest))
#38 /Users/konradmilewski/Projects/APW Projects/dbr_flarum/vendor/laminas/laminas-stratigility/src/Next.php(51): Middlewares\BasePathRouter->process(Object(Laminas\Diactoros\ServerRequest), Object(Laminas\Stratigility\Next))
#39 /Users/konradmilewski/Projects/APW Projects/dbr_flarum/vendor/laminas/laminas-stratigility/src/Middleware/OriginalMessages.php(36): Laminas\Stratigility\Next->handle(Object(Laminas\Diactoros\ServerRequest))
#40 /Users/konradmilewski/Projects/APW Projects/dbr_flarum/vendor/laminas/laminas-stratigility/src/Next.php(51): Laminas\Stratigility\Middleware\OriginalMessages->process(Object(Laminas\Diactoros\ServerRequest), Object(Laminas\Stratigility\Next))
#41 /Users/konradmilewski/Projects/APW Projects/dbr_flarum/vendor/middlewares/base-path/src/BasePath.php(73): Laminas\Stratigility\Next->handle(Object(Laminas\Diactoros\ServerRequest))
#42 /Users/konradmilewski/Projects/APW Projects/dbr_flarum/vendor/laminas/laminas-stratigility/src/Next.php(51): Middlewares\BasePath->process(Object(Laminas\Diactoros\ServerRequest), Object(Laminas\Stratigility\Next))
#43 /Users/konradmilewski/Projects/APW Projects/dbr_flarum/vendor/flarum/core/src/Http/Middleware/ProcessIp.php(24): Laminas\Stratigility\Next->handle(Object(Laminas\Diactoros\ServerRequest))
#44 /Users/konradmilewski/Projects/APW Projects/dbr_flarum/vendor/laminas/laminas-stratigility/src/Next.php(51): Flarum\Http\Middleware\ProcessIp->process(Object(Laminas\Diactoros\ServerRequest), Object(Laminas\Stratigility\Next))
#45 /Users/konradmilewski/Projects/APW Projects/dbr_flarum/vendor/laminas/laminas-stratigility/src/MiddlewarePipe.php(76): Laminas\Stratigility\Next->handle(Object(Laminas\Diactoros\ServerRequest))
#46 /Users/konradmilewski/Projects/APW Projects/dbr_flarum/vendor/laminas/laminas-stratigility/src/MiddlewarePipe.php(65): Laminas\Stratigility\MiddlewarePipe->process(Object(Laminas\Diactoros\ServerRequest), Object(Laminas\Stratigility\EmptyPipelineHandler))
#47 /Users/konradmilewski/Projects/APW Projects/dbr_flarum/vendor/laminas/laminas-httphandlerrunner/src/RequestHandlerRunner.php(96): Laminas\Stratigility\MiddlewarePipe->handle(Object(Laminas\Diactoros\ServerRequest))
#48 /Users/konradmilewski/Projects/APW Projects/dbr_flarum/vendor/flarum/core/src/Http/Server.php(44): Laminas\HttpHandlerRunner\RequestHandlerRunner->run()
#49 /Users/konradmilewski/Projects/APW Projects/dbr_flarum/public/index.php(28): Flarum\Http\Server->listen()
#50 /Users/konradmilewski/.composer/vendor/laravel/valet/server.php(234): require('/Users/konradmi...')
#51 {main}  
[2022-02-11 01:39:22] flarum.ERROR: Intervention\Image\Exception\NotReadableException: Unable to init from given binary data. in /Users/konradmilewski/Projects/APW Projects/dbr_flarum/vendor/intervention/image/src/Intervention/Image/Gd/Decoder.php:131
Stack trace:
#0 /Users/konradmilewski/Projects/APW Projects/dbr_flarum/vendor/intervention/image/src/Intervention/Image/AbstractDecoder.php(125): Intervention\Image\Gd\Decoder->initFromBinary('<svg xmlns="htt...')
#1 /Users/konradmilewski/Projects/APW Projects/dbr_flarum/vendor/intervention/image/src/Intervention/Image/AbstractDecoder.php(338): Intervention\Image\AbstractDecoder->initFromStream(Object(Laminas\Diactoros\Stream))
#2 /Users/konradmilewski/Projects/APW Projects/dbr_flarum/vendor/intervention/image/src/Intervention/Image/AbstractDriver.php(66): Intervention\Image\AbstractDecoder->init(Object(Laminas\Diactoros\Stream))
#3 /Users/konradmilewski/Projects/APW Projects/dbr_flarum/vendor/intervention/image/src/Intervention/Image/ImageManager.php(54): Intervention\Image\AbstractDriver->init(Object(Laminas\Diactoros\Stream))
#4 /Users/konradmilewski/Projects/APW Projects/dbr_flarum/vendor/flarum/core/src/Api/Controller/UploadLogoController.php(41): Intervention\Image\ImageManager->make(Object(Laminas\Diactoros\Stream))
#5 /Users/konradmilewski/Projects/APW Projects/dbr_flarum/vendor/flarum/core/src/Api/Controller/UploadImageController.php(69): Flarum\Api\Controller\UploadLogoController->makeImage(Object(Laminas\Diactoros\UploadedFile))
#6 /Users/konradmilewski/Projects/APW Projects/dbr_flarum/vendor/flarum/core/src/Api/Controller/AbstractSerializeController.php(115): Flarum\Api\Controller\UploadImageController->data(Object(Laminas\Diactoros\ServerRequest), Object(Tobscure\JsonApi\Document))
#7 /Users/konradmilewski/Projects/APW Projects/dbr_flarum/vendor/flarum/core/src/Http/RouteHandlerFactory.php(41): Flarum\Api\Controller\AbstractSerializeController->handle(Object(Laminas\Diactoros\ServerRequest))
#8 /Users/konradmilewski/Projects/APW Projects/dbr_flarum/vendor/flarum/core/src/Http/Middleware/ExecuteRoute.php(27): Flarum\Http\RouteHandlerFactory->Flarum\Http\{closure}(Object(Laminas\Diactoros\ServerRequest), Array)
#9 /Users/konradmilewski/Projects/APW Projects/dbr_flarum/vendor/laminas/laminas-stratigility/src/Next.php(51): Flarum\Http\Middleware\ExecuteRoute->process(Object(Laminas\Diactoros\ServerRequest), Object(Closure))
#10 /Users/konradmilewski/Projects/APW Projects/dbr_flarum/vendor/flarum/core/src/Api/Middleware/ThrottleApi.php(33): Laminas\Stratigility\Next->handle(Object(Laminas\Diactoros\ServerRequest))
#11 /Users/konradmilewski/Projects/APW Projects/dbr_flarum/vendor/laminas/laminas-stratigility/src/Next.php(51): Flarum\Api\Middleware\ThrottleApi->process(Object(Laminas\Diactoros\ServerRequest), Object(Laminas\Stratigility\Next))
#12 /Users/konradmilewski/Projects/APW Projects/dbr_flarum/vendor/flarum/core/src/Http/Middleware/CheckCsrfToken.php(44): Laminas\Stratigility\Next->handle(Object(Laminas\Diactoros\ServerRequest))
#13 /Users/konradmilewski/Projects/APW Projects/dbr_flarum/vendor/laminas/laminas-stratigility/src/Next.php(51): Flarum\Http\Middleware\CheckCsrfToken->process(Object(Laminas\Diactoros\ServerRequest), Object(Laminas\Stratigility\Next))
#14 /Users/konradmilewski/Projects/APW Projects/dbr_flarum/vendor/flarum/core/src/Http/Middleware/ResolveRoute.php(67): Laminas\Stratigility\Next->handle(Object(Laminas\Diactoros\ServerRequest))
#15 /Users/konradmilewski/Projects/APW Projects/dbr_flarum/vendor/laminas/laminas-stratigility/src/Next.php(51): Flarum\Http\Middleware\ResolveRoute->process(Object(Laminas\Diactoros\ServerRequest), Object(Laminas\Stratigility\Next))
#16 /Users/konradmilewski/Projects/APW Projects/dbr_flarum/vendor/flarum/core/src/Http/Middleware/SetLocale.php(51): Laminas\Stratigility\Next->handle(Object(Laminas\Diactoros\ServerRequest))
#17 /Users/konradmilewski/Projects/APW Projects/dbr_flarum/vendor/laminas/laminas-stratigility/src/Next.php(51): Flarum\Http\Middleware\SetLocale->process(Object(Laminas\Diactoros\ServerRequest), Object(Laminas\Stratigility\Next))
#18 /Users/konradmilewski/Projects/APW Projects/dbr_flarum/vendor/flarum/core/src/Http/Middleware/AuthenticateWithHeader.php(58): Laminas\Stratigility\Next->handle(Object(Laminas\Diactoros\ServerRequest))
#19 /Users/konradmilewski/Projects/APW Projects/dbr_flarum/vendor/laminas/laminas-stratigility/src/Next.php(51): Flarum\Http\Middleware\AuthenticateWithHeader->process(Object(Laminas\Diactoros\ServerRequest), Object(Laminas\Stratigility\Next))
#20 /Users/konradmilewski/Projects/APW Projects/dbr_flarum/vendor/flarum/core/src/Http/Middleware/AuthenticateWithSession.php(31): Laminas\Stratigility\Next->handle(Object(Laminas\Diactoros\ServerRequest))
#21 /Users/konradmilewski/Projects/APW Projects/dbr_flarum/vendor/laminas/laminas-stratigility/src/Next.php(51): Flarum\Http\Middleware\AuthenticateWithSession->process(Object(Laminas\Diactoros\ServerRequest), Object(Laminas\Stratigility\Next))
#22 /Users/konradmilewski/Projects/APW Projects/dbr_flarum/vendor/flarum/core/src/Http/Middleware/RememberFromCookie.php(52): Laminas\Stratigility\Next->handle(Object(Laminas\Diactoros\ServerRequest))
#23 /Users/konradmilewski/Projects/APW Projects/dbr_flarum/vendor/laminas/laminas-stratigility/src/Next.php(51): Flarum\Http\Middleware\RememberFromCookie->process(Object(Laminas\Diactoros\ServerRequest), Object(Laminas\Stratigility\Next))
#24 /Users/konradmilewski/Projects/APW Projects/dbr_flarum/vendor/flarum/core/src/Http/Middleware/StartSession.php(61): Laminas\Stratigility\Next->handle(Object(Laminas\Diactoros\ServerRequest))
#25 /Users/konradmilewski/Projects/APW Projects/dbr_flarum/vendor/laminas/laminas-stratigility/src/Next.php(51): Flarum\Http\Middleware\StartSession->process(Object(Laminas\Diactoros\ServerRequest), Object(Laminas\Stratigility\Next))
#26 /Users/konradmilewski/Projects/APW Projects/dbr_flarum/vendor/flarum/core/src/Api/Middleware/FakeHttpMethods.php(29): Laminas\Stratigility\Next->handle(Object(Laminas\Diactoros\ServerRequest))
#27 /Users/konradmilewski/Projects/APW Projects/dbr_flarum/vendor/laminas/laminas-stratigility/src/Next.php(51): Flarum\Api\Middleware\FakeHttpMethods->process(Object(Laminas\Diactoros\ServerRequest), Object(Laminas\Stratigility\Next))
#28 /Users/konradmilewski/Projects/APW Projects/dbr_flarum/vendor/flarum/core/src/Http/Middleware/ParseJsonBody.php(28): Laminas\Stratigility\Next->handle(Object(Laminas\Diactoros\ServerRequest))
#29 /Users/konradmilewski/Projects/APW Projects/dbr_flarum/vendor/laminas/laminas-stratigility/src/Next.php(51): Flarum\Http\Middleware\ParseJsonBody->process(Object(Laminas\Diactoros\ServerRequest), Object(Laminas\Stratigility\Next))
#30 /Users/konradmilewski/Projects/APW Projects/dbr_flarum/vendor/flarum/core/src/Http/Middleware/HandleErrors.php(57): Laminas\Stratigility\Next->handle(Object(Laminas\Diactoros\ServerRequest))
#31 /Users/konradmilewski/Projects/APW Projects/dbr_flarum/vendor/laminas/laminas-stratigility/src/Next.php(51): Flarum\Http\Middleware\HandleErrors->process(Object(Laminas\Diactoros\ServerRequest), Object(Laminas\Stratigility\Next))
#32 /Users/konradmilewski/Projects/APW Projects/dbr_flarum/vendor/flarum/core/src/Http/Middleware/InjectActorReference.php(25): Laminas\Stratigility\Next->handle(Object(Laminas\Diactoros\ServerRequest))
#33 /Users/konradmilewski/Projects/APW Projects/dbr_flarum/vendor/laminas/laminas-stratigility/src/Next.php(51): Flarum\Http\Middleware\InjectActorReference->process(Object(Laminas\Diactoros\ServerRequest), Object(Laminas\Stratigility\Next))
#34 /Users/konradmilewski/Projects/APW Projects/dbr_flarum/vendor/laminas/laminas-stratigility/src/MiddlewarePipe.php(76): Laminas\Stratigility\Next->handle(Object(Laminas\Diactoros\ServerRequest))
#35 /Users/konradmilewski/Projects/APW Projects/dbr_flarum/vendor/middlewares/request-handler/src/RequestHandler.php(84): Laminas\Stratigility\MiddlewarePipe->process(Object(Laminas\Diactoros\ServerRequest), Object(Laminas\Stratigility\Next))
#36 /Users/konradmilewski/Projects/APW Projects/dbr_flarum/vendor/laminas/laminas-stratigility/src/Next.php(51): Middlewares\RequestHandler->process(Object(Laminas\Diactoros\ServerRequest), Object(Laminas\Stratigility\Next))
#37 /Users/konradmilewski/Projects/APW Projects/dbr_flarum/vendor/middlewares/base-path-router/src/BasePathRouter.php(101): Laminas\Stratigility\Next->handle(Object(Laminas\Diactoros\ServerRequest))
#38 /Users/konradmilewski/Projects/APW Projects/dbr_flarum/vendor/laminas/laminas-stratigility/src/Next.php(51): Middlewares\BasePathRouter->process(Object(Laminas\Diactoros\ServerRequest), Object(Laminas\Stratigility\Next))
#39 /Users/konradmilewski/Projects/APW Projects/dbr_flarum/vendor/laminas/laminas-stratigility/src/Middleware/OriginalMessages.php(36): Laminas\Stratigility\Next->handle(Object(Laminas\Diactoros\ServerRequest))
#40 /Users/konradmilewski/Projects/APW Projects/dbr_flarum/vendor/laminas/laminas-stratigility/src/Next.php(51): Laminas\Stratigility\Middleware\OriginalMessages->process(Object(Laminas\Diactoros\ServerRequest), Object(Laminas\Stratigility\Next))
#41 /Users/konradmilewski/Projects/APW Projects/dbr_flarum/vendor/middlewares/base-path/src/BasePath.php(73): Laminas\Stratigility\Next->handle(Object(Laminas\Diactoros\ServerRequest))
#42 /Users/konradmilewski/Projects/APW Projects/dbr_flarum/vendor/laminas/laminas-stratigility/src/Next.php(51): Middlewares\BasePath->process(Object(Laminas\Diactoros\ServerRequest), Object(Laminas\Stratigility\Next))
#43 /Users/konradmilewski/Projects/APW Projects/dbr_flarum/vendor/flarum/core/src/Http/Middleware/ProcessIp.php(24): Laminas\Stratigility\Next->handle(Object(Laminas\Diactoros\ServerRequest))
#44 /Users/konradmilewski/Projects/APW Projects/dbr_flarum/vendor/laminas/laminas-stratigility/src/Next.php(51): Flarum\Http\Middleware\ProcessIp->process(Object(Laminas\Diactoros\ServerRequest), Object(Laminas\Stratigility\Next))
#45 /Users/konradmilewski/Projects/APW Projects/dbr_flarum/vendor/laminas/laminas-stratigility/src/MiddlewarePipe.php(76): Laminas\Stratigility\Next->handle(Object(Laminas\Diactoros\ServerRequest))
#46 /Users/konradmilewski/Projects/APW Projects/dbr_flarum/vendor/laminas/laminas-stratigility/src/MiddlewarePipe.php(65): Laminas\Stratigility\MiddlewarePipe->process(Object(Laminas\Diactoros\ServerRequest), Object(Laminas\Stratigility\EmptyPipelineHandler))
#47 /Users/konradmilewski/Projects/APW Projects/dbr_flarum/vendor/laminas/laminas-httphandlerrunner/src/RequestHandlerRunner.php(96): Laminas\Stratigility\MiddlewarePipe->handle(Object(Laminas\Diactoros\ServerRequest))
#48 /Users/konradmilewski/Projects/APW Projects/dbr_flarum/vendor/flarum/core/src/Http/Server.php(44): Laminas\HttpHandlerRunner\RequestHandlerRunner->run()
#49 /Users/konradmilewski/Projects/APW Projects/dbr_flarum/public/index.php(28): Flarum\Http\Server->listen()
#50 /Users/konradmilewski/.composer/vendor/laravel/valet/server.php(234): require('/Users/konradmi...')
#51 {main}  
